<?xml version="1.0" encoding="UTF-8"?>
<testsuite xmlns:xsi="http://www.w3.org/2001/XMLSchema-instance" xsi:noNamespaceSchemaLocation="https://maven.apache.org/surefire/maven-surefire-plugin/xsd/surefire-test-report.xsd" version="3.0.2" name="org.mohyla.itinerary.payments.PaymentsIntegrationTests" time="0.565" tests="1" errors="0" skipped="0" failures="0">
  <properties>
[...]
</properties>
  <testcase name="bootstrapPaymentsModule" classname="org.mohyla.itinerary.payments.PaymentsIntegrationTests" time="0.004">
    <system-out><![CDATA[2025-10-02T15:33:45.635+02:00  INFO 30932 --- [itinerary] [           main] t.c.s.AnnotationConfigContextLoaderUtils : Could not detect default configuration classes for test class [org.mohyla.itinerary.payments.PaymentsIntegrationTests]: PaymentsIntegrationTests does not declare any static, non-private, non-final, nested classes annotated with @Configuration.
2025-10-02T15:33:45.688+02:00  INFO 30932 --- [itinerary] [           main] .b.t.c.SpringBootTestContextBootstrapper : Found @SpringBootConfiguration org.mohyla.itinerary.ItineraryApplication for test class org.mohyla.itinerary.payments.PaymentsIntegrationTests

  .   ____          _            __ _ _
 /\\ / ___'_ __ _ _(_)_ __  __ _ \ \ \ \
( ( )\___ | '_ | '_| | '_ \/ _` | \ \ \ \
 \\/  ___)| |_)| | | | | || (_| |  ) ) ) )
  '  |____| .__|_| |_|_| |_\__, | / / / /
 =========|_|==============|___/=/_/_/_/

 :: Spring Boot ::                (v3.5.5)

2025-10-02T15:33:45.714+02:00  INFO 30932 --- [itinerary] [           main] ustomizerFactory$ModuleContextCustomizer : Bootstrapping @org.springframework.modulith.test.ApplicationModuleTest for Payments in mode STANDALONE (class org.mohyla.itinerary.ItineraryApplication)…
2025-10-02T15:33:45.714+02:00  INFO 30932 --- [itinerary] [           main] ustomizerFactory$ModuleContextCustomizer : 
2025-10-02T15:33:45.717+02:00  INFO 30932 --- [itinerary] [           main] ustomizerFactory$ModuleContextCustomizer : # Payments
2025-10-02T15:33:45.717+02:00  INFO 30932 --- [itinerary] [           main] ustomizerFactory$ModuleContextCustomizer : > Logical name: payments
2025-10-02T15:33:45.717+02:00  INFO 30932 --- [itinerary] [           main] ustomizerFactory$ModuleContextCustomizer : > Base package: org.mohyla.itinerary.payments
2025-10-02T15:33:45.717+02:00  INFO 30932 --- [itinerary] [           main] ustomizerFactory$ModuleContextCustomizer : > Excluded packages: none
2025-10-02T15:33:45.717+02:00  INFO 30932 --- [itinerary] [           main] ustomizerFactory$ModuleContextCustomizer : > Direct module dependencies: none
2025-10-02T15:33:45.717+02:00  INFO 30932 --- [itinerary] [           main] ustomizerFactory$ModuleContextCustomizer : > Spring beans:
2025-10-02T15:33:45.717+02:00  INFO 30932 --- [itinerary] [           main] ustomizerFactory$ModuleContextCustomizer :   o ….application.PaymentsService
2025-10-02T15:33:45.718+02:00  INFO 30932 --- [itinerary] [           main] ustomizerFactory$ModuleContextCustomizer :   o ….domain.listeners.TicketCreatedListener
2025-10-02T15:33:45.718+02:00  INFO 30932 --- [itinerary] [           main] ustomizerFactory$ModuleContextCustomizer :   o ….domain.persistence.PaymentRepository
2025-10-02T15:33:45.718+02:00  INFO 30932 --- [itinerary] [           main] ustomizerFactory$ModuleContextCustomizer : 
2025-10-02T15:33:45.727+02:00  INFO 30932 --- [itinerary] [           main] o.m.i.payments.PaymentsIntegrationTests  : Starting PaymentsIntegrationTests using Java 21.0.8 with PID 30932 (started by valen in C:\HWMohyla\SpringBoot\itinerary_v2\itinerary)
2025-10-02T15:33:45.728+02:00  INFO 30932 --- [itinerary] [           main] o.m.i.payments.PaymentsIntegrationTests  : No active profile set, falling back to 1 default profile: "default"
2025-10-02T15:33:45.868+02:00  INFO 30932 --- [itinerary] [           main] figurationAndEntityScanPackageCustomizer : Re-configuring auto-configuration and entity scan packages to: org.mohyla.itinerary.payments.
2025-10-02T15:33:45.891+02:00  INFO 30932 --- [itinerary] [           main] .s.d.r.c.RepositoryConfigurationDelegate : Bootstrapping Spring Data JPA repositories in DEFAULT mode.
2025-10-02T15:33:45.898+02:00  INFO 30932 --- [itinerary] [           main] .s.d.r.c.RepositoryConfigurationDelegate : Finished Spring Data repository scanning in 5 ms. Found 1 JPA repository interface.
2025-10-02T15:33:45.975+02:00  INFO 30932 --- [itinerary] [           main] o.hibernate.jpa.internal.util.LogHelper  : HHH000204: Processing PersistenceUnitInfo [name: default]
2025-10-02T15:33:45.977+02:00  INFO 30932 --- [itinerary] [           main] o.h.c.internal.RegionFactoryInitiator    : HHH000026: Second-level cache disabled
2025-10-02T15:33:45.985+02:00  INFO 30932 --- [itinerary] [           main] o.s.o.j.p.SpringPersistenceUnitInfo      : No LoadTimeWeaver setup: ignoring JPA class transformer
2025-10-02T15:33:45.986+02:00  INFO 30932 --- [itinerary] [           main] com.zaxxer.hikari.HikariDataSource       : HikariPool-2 - Starting...
2025-10-02T15:33:45.987+02:00  INFO 30932 --- [itinerary] [           main] com.zaxxer.hikari.pool.HikariPool        : HikariPool-2 - Added connection conn10: url=jdbc:h2:file:./data/itinerarydb user=SA
2025-10-02T15:33:45.987+02:00  INFO 30932 --- [itinerary] [           main] com.zaxxer.hikari.HikariDataSource       : HikariPool-2 - Start completed.
2025-10-02T15:33:45.988+02:00  INFO 30932 --- [itinerary] [           main] org.hibernate.orm.connections.pooling    : HHH10001005: Database info:
	Database JDBC URL [Connecting through datasource 'HikariDataSource (HikariPool-2)']
	Database driver: undefined/unknown
	Database version: 2.3.232
	Autocommit mode: undefined/unknown
	Isolation level: undefined/unknown
	Minimum pool size: undefined/unknown
	Maximum pool size: undefined/unknown
2025-10-02T15:33:46.022+02:00  INFO 30932 --- [itinerary] [           main] o.h.e.t.j.p.i.JtaPlatformInitiator       : HHH000489: No JTA platform available (set 'hibernate.transaction.jta.platform' to enable JTA platform integration)
2025-10-02T15:33:46.025+02:00  INFO 30932 --- [itinerary] [           main] j.LocalContainerEntityManagerFactoryBean : Initialized JPA EntityManagerFactory for persistence unit 'default'
2025-10-02T15:33:46.076+02:00  WARN 30932 --- [itinerary] [           main] JpaBaseConfiguration$JpaWebConfiguration : spring.jpa.open-in-view is enabled by default. Therefore, database queries may be performed during view rendering. Explicitly configure spring.jpa.open-in-view to disable this warning
2025-10-02T15:33:46.148+02:00  INFO 30932 --- [itinerary] [           main] o.s.b.a.h2.H2ConsoleAutoConfiguration    : H2 console available at '/h2-console'. Database available at 'jdbc:h2:file:./data/itinerarydb'
2025-10-02T15:33:46.183+02:00  INFO 30932 --- [itinerary] [           main] o.s.s.config.TaskSchedulerRouter         : No TaskScheduler/ScheduledExecutorService bean found for scheduled processing
2025-10-02T15:33:46.184+02:00  INFO 30932 --- [itinerary] [           main] o.m.i.payments.PaymentsIntegrationTests  : Started PaymentsIntegrationTests in 0.493 seconds (process running for 9.606)
]]></system-out>
  </testcase>
</testsuite>