<?xml version="1.0" encoding="UTF-8"?>
<testsuite xmlns:xsi="http://www.w3.org/2001/XMLSchema-instance" xsi:noNamespaceSchemaLocation="https://maven.apache.org/surefire/maven-surefire-plugin/xsd/surefire-test-report.xsd" version="3.0.2" name="org.mohyla.itinerary.ItineraryApplicationTests" time="6.007" tests="1" errors="0" skipped="0" failures="0">
  <properties>
[...]
</properties>
  <testcase name="contextLoads" classname="org.mohyla.itinerary.ItineraryApplicationTests" time="0.371">
    <system-out><![CDATA[15:33:37.792 [main] INFO org.springframework.test.context.support.AnnotationConfigContextLoaderUtils -- Could not detect default configuration classes for test class [org.mohyla.itinerary.ItineraryApplicationTests]: ItineraryApplicationTests does not declare any static, non-private, non-final, nested classes annotated with @Configuration.
15:33:37.917 [main] INFO org.springframework.boot.test.context.SpringBootTestContextBootstrapper -- Found @SpringBootConfiguration org.mohyla.itinerary.ItineraryApplication for test class org.mohyla.itinerary.ItineraryApplicationTests

  .   ____          _            __ _ _
 /\\ / ___'_ __ _ _(_)_ __  __ _ \ \ \ \
( ( )\___ | '_ | '_| | '_ \/ _` | \ \ \ \
 \\/  ___)| |_)| | | | | || (_| |  ) ) ) )
  '  |____| .__|_| |_|_| |_\__, | / / / /
 =========|_|==============|___/=/_/_/_/

 :: Spring Boot ::                (v3.5.5)

2025-10-02T15:33:38.396+02:00  INFO 30932 --- [itinerary] [           main] o.m.itinerary.ItineraryApplicationTests  : Starting ItineraryApplicationTests using Java 21.0.8 with PID 30932 (started by valen in C:\HWMohyla\SpringBoot\itinerary_v2\itinerary)
2025-10-02T15:33:38.397+02:00  INFO 30932 --- [itinerary] [           main] o.m.itinerary.ItineraryApplicationTests  : No active profile set, falling back to 1 default profile: "default"
2025-10-02T15:33:39.439+02:00  INFO 30932 --- [itinerary] [           main] .s.d.r.c.RepositoryConfigurationDelegate : Bootstrapping Spring Data JPA repositories in DEFAULT mode.
2025-10-02T15:33:39.513+02:00  INFO 30932 --- [itinerary] [           main] .s.d.r.c.RepositoryConfigurationDelegate : Finished Spring Data repository scanning in 55 ms. Found 4 JPA repository interfaces.
2025-10-02T15:33:40.183+02:00  INFO 30932 --- [itinerary] [           main] o.hibernate.jpa.internal.util.LogHelper  : HHH000204: Processing PersistenceUnitInfo [name: default]
2025-10-02T15:33:40.262+02:00  INFO 30932 --- [itinerary] [           main] org.hibernate.Version                    : HHH000412: Hibernate ORM core version 6.6.26.Final
2025-10-02T15:33:40.308+02:00  INFO 30932 --- [itinerary] [           main] o.h.c.internal.RegionFactoryInitiator    : HHH000026: Second-level cache disabled
2025-10-02T15:33:40.736+02:00  INFO 30932 --- [itinerary] [           main] o.s.o.j.p.SpringPersistenceUnitInfo      : No LoadTimeWeaver setup: ignoring JPA class transformer
2025-10-02T15:33:40.770+02:00  INFO 30932 --- [itinerary] [           main] com.zaxxer.hikari.HikariDataSource       : HikariPool-1 - Starting...
2025-10-02T15:33:41.049+02:00  INFO 30932 --- [itinerary] [           main] com.zaxxer.hikari.pool.HikariPool        : HikariPool-1 - Added connection conn0: url=jdbc:h2:file:./data/itinerarydb user=SA
2025-10-02T15:33:41.051+02:00  INFO 30932 --- [itinerary] [           main] com.zaxxer.hikari.HikariDataSource       : HikariPool-1 - Start completed.
2025-10-02T15:33:41.105+02:00  INFO 30932 --- [itinerary] [           main] org.hibernate.orm.connections.pooling    : HHH10001005: Database info:
	Database JDBC URL [Connecting through datasource 'HikariDataSource (HikariPool-1)']
	Database driver: undefined/unknown
	Database version: 2.3.232
	Autocommit mode: undefined/unknown
	Isolation level: undefined/unknown
	Minimum pool size: undefined/unknown
	Maximum pool size: undefined/unknown
2025-10-02T15:33:41.847+02:00  INFO 30932 --- [itinerary] [           main] o.h.e.t.j.p.i.JtaPlatformInitiator       : HHH000489: No JTA platform available (set 'hibernate.transaction.jta.platform' to enable JTA platform integration)
2025-10-02T15:33:41.875+02:00  INFO 30932 --- [itinerary] [           main] j.LocalContainerEntityManagerFactoryBean : Initialized JPA EntityManagerFactory for persistence unit 'default'
2025-10-02T15:33:42.553+02:00  WARN 30932 --- [itinerary] [           main] JpaBaseConfiguration$JpaWebConfiguration : spring.jpa.open-in-view is enabled by default. Therefore, database queries may be performed during view rendering. Explicitly configure spring.jpa.open-in-view to disable this warning
2025-10-02T15:33:43.074+02:00  INFO 30932 --- [itinerary] [           main] o.s.b.a.h2.H2ConsoleAutoConfiguration    : H2 console available at '/h2-console'. Database available at 'jdbc:h2:file:./data/itinerarydb'
2025-10-02T15:33:43.228+02:00  INFO 30932 --- [itinerary] [           main] o.s.s.config.TaskSchedulerRouter         : No TaskScheduler/ScheduledExecutorService bean found for scheduled processing
2025-10-02T15:33:43.239+02:00  INFO 30932 --- [itinerary] [           main] o.m.itinerary.ItineraryApplicationTests  : Started ItineraryApplicationTests in 5.125 seconds (process running for 6.661)
]]></system-out>
    <system-err><![CDATA[Mockito is currently self-attaching to enable the inline-mock-maker. This will no longer work in future releases of the JDK. Please add Mockito as an agent to your build as described in Mockito's documentation: https://javadoc.io/doc/org.mockito/mockito-core/latest/org.mockito/org/mockito/Mockito.html#0.3
WARNING: A Java agent has been loaded dynamically (C:\Users\valen\.m2\repository\net\bytebuddy\byte-buddy-agent\1.17.7\byte-buddy-agent-1.17.7.jar)
WARNING: If a serviceability tool is in use, please run with -XX:+EnableDynamicAgentLoading to hide this warning
WARNING: If a serviceability tool is not in use, please run with -Djdk.instrument.traceUsage for more information
WARNING: Dynamic loading of agents will be disallowed by default in a future release
]]></system-err>
  </testcase>
</testsuite>