<?xml version="1.0" encoding="UTF-8"?>
<testsuite xmlns:xsi="http://www.w3.org/2001/XMLSchema-instance" xsi:noNamespaceSchemaLocation="https://maven.apache.org/surefire/maven-surefire-plugin/xsd/surefire-test-report.xsd" version="3.0.2" name="org.mohyla.itinerary.ModularityTests" time="1.976" tests="2" errors="0" skipped="0" failures="0">
  <properties>
[...]
</properties>
  <testcase name="verifyModularity" classname="org.mohyla.itinerary.ModularityTests" time="0.139">
    <system-out><![CDATA[2025-10-02T15:33:43.713+02:00  INFO 30932 --- [itinerary] [           main] com.tngtech.archunit.core.PluginLoader   : Detected Java version 21.0.8
# Payments
> Logical name: payments
> Base package: org.mohyla.itinerary.payments
> Excluded packages: none
> Direct module dependencies: none
> Spring beans:
  o ….application.PaymentsService
  o ….domain.listeners.TicketCreatedListener
  o ….domain.persistence.PaymentRepository

# Routes
> Logical name: routes
> Base package: org.mohyla.itinerary.routes
> Excluded packages: none
> Direct module dependencies: none
> Spring beans:
  + ….RouteApi
  o ….application.RoutesService
  o ….domain.persistence.RouteRepository

# Shared
> Logical name: shared
> Base package: org.mohyla.itinerary.shared
> Excluded packages: none
> Direct module dependencies: none
> Spring beans: none

# Tickets
> Logical name: tickets
> Base package: org.mohyla.itinerary.tickets
> Excluded packages: none
> Direct module dependencies: none
> Spring beans:
  + ….TicketApi
  o ….application.TicketsService
  o ….domain.listeners.PaymentCompletedListener
  o ….domain.persistence.TicketRepository

# Users
> Logical name: users
> Base package: org.mohyla.itinerary.users
> Excluded packages: none
> Direct module dependencies: none
> Spring beans:
  + ….UserApi
  o ….application.UsersService
  o ….domain.persistence.UserRepository

]]></system-out>
  </testcase>
  <testcase name="renderDocumentation" classname="org.mohyla.itinerary.ModularityTests" time="0.269"/>
</testsuite>