<?xml version="1.0" encoding="UTF-8"?>
<testsuite xmlns:xsi="http://www.w3.org/2001/XMLSchema-instance" xsi:noNamespaceSchemaLocation="https://maven.apache.org/surefire/maven-surefire-plugin/xsd/surefire-test-report.xsd" version="3.0.2" name="org.mohyla.itinerary.tickets.TicketApiTest" time="0.399" tests="2" errors="0" skipped="0" failures="0">
  <properties>
[...]
</properties>
  <testcase name="testCreateTicket_Success" classname="org.mohyla.itinerary.tickets.TicketApiTest" time="0.019">
    <system-out><![CDATA[2025-10-10T16:10:22.145+03:00  INFO 11960 --- [           main] t.c.s.AnnotationConfigContextLoaderUtils : Could not detect default configuration classes for test class [org.mohyla.itinerary.tickets.TicketApiTest]: TicketApiTest does not declare any static, non-private, non-final, nested classes annotated with @Configuration.
2025-10-10T16:10:22.182+03:00  INFO 11960 --- [           main] .b.t.c.SpringBootTestContextBootstrapper : Found @SpringBootConfiguration org.mohyla.itinerary.ItineraryApplication for test class org.mohyla.itinerary.tickets.TicketApiTest

  .   ____          _            __ _ _
 /\\ / ___'_ __ _ _(_)_ __  __ _ \ \ \ \
( ( )\___ | '_ | '_| | '_ \/ _` | \ \ \ \
 \\/  ___)| |_)| | | | | || (_| |  ) ) ) )
  '  |____| .__|_| |_|_| |_\__, | / / / /
 =========|_|==============|___/=/_/_/_/

 :: Spring Boot ::                (v3.5.5)

2025-10-10T16:10:22.209+03:00  INFO 11960 --- [           main] o.m.itinerary.tickets.TicketApiTest      : Starting TicketApiTest using Java 21.0.8 with PID 11960 (started by uzer in C:\Users\uzer\Desktop\sb3\sb2\itinerary_v2\itinerary)
2025-10-10T16:10:22.209+03:00  INFO 11960 --- [           main] o.m.itinerary.tickets.TicketApiTest      : No active profile set, falling back to 1 default profile: "default"
2025-10-10T16:10:22.490+03:00  INFO 11960 --- [           main] o.s.b.t.m.w.SpringBootMockServletContext : Initializing Spring TestDispatcherServlet ''
2025-10-10T16:10:22.491+03:00  INFO 11960 --- [           main] o.s.t.web.servlet.TestDispatcherServlet  : Initializing Servlet ''
2025-10-10T16:10:22.491+03:00  INFO 11960 --- [           main] o.s.t.web.servlet.TestDispatcherServlet  : Completed initialization in 0 ms
2025-10-10T16:10:22.499+03:00  INFO 11960 --- [           main] o.m.itinerary.tickets.TicketApiTest      : Started TicketApiTest in 0.314 seconds (process running for 4.938)
]]></system-out>
  </testcase>
  <testcase name="testGetAllTickets_Success" classname="org.mohyla.itinerary.tickets.TicketApiTest" time="0.015"/>
</testsuite>